<?xml version="1.0" encoding="UTF-8"?>
<!-- Generated by org.testng.reporters.JUnitXMLReporter -->
<testsuite ignored="0" hostname="Mac" failures="0" tests="5" name="Default test" time="61.24" errors="0" timestamp="2025-04-04T19:33:57 EDT">
  <testcase classname="SeleniumByHarman.tests.SubmitOrderTest" name="submitOrder" time="7.057"/>
  <testcase classname="SeleniumByHarman.tests.SubmitOrderTest" name="submitOrder" time="7.049"/>
  <testcase classname="SeleniumByHarman.tests.SubmitOrderTest" name="submitOrderUsingHashMapData" time="20.253"/>
  <testcase classname="SeleniumByHarman.tests.SubmitOrderTest" name="submitOrderUsingHashMapData" time="6.844"/>
  <testcase classname="SeleniumByHarman.tests.SubmitOrderTest" name="orderHistoryTest" time="0.717"/>
</testsuite> <!-- Default test -->
