<?xml version="1.0" encoding="UTF-8"?>
<!-- Generated by org.testng.reporters.JUnitXMLReporter -->
<testsuite ignored="0" hostname="Mac" failures="0" tests="5" name="Submit Order Test" time="75.371" errors="0" timestamp="2025-03-30T18:43:50 EDT">
  <testcase classname="SeleniumByHarman.tests.SubmitOrderTest" name="submitOrder" time="10.014"/>
  <testcase classname="SeleniumByHarman.tests.SubmitOrderTest" name="submitOrder" time="20.183"/>
  <testcase classname="SeleniumByHarman.tests.SubmitOrderTest" name="submitOrderUsingHashMapData" time="20.415"/>
  <testcase classname="SeleniumByHarman.tests.SubmitOrderTest" name="submitOrderUsingHashMapData" time="6.853"/>
  <testcase classname="SeleniumByHarman.tests.SubmitOrderTest" name="orderHistoryTest" time="0.705"/>
</testsuite> <!-- Submit Order Test -->
