<?xml version="1.0" encoding="UTF-8"?>
<testng-results ignored="0" total="5" passed="5" failed="0" skipped="0">
  <reporter-output>
  </reporter-output>
  <suite started-at="2025-04-04T19:32:55 EDT" name="Default suite" finished-at="2025-04-04T19:33:57 EDT" duration-ms="61240">
    <groups>
      <group name="PurchaseOrder">
        <method signature="SubmitOrderTest.submitOrder(java.lang.String,java.lang.String,java.lang.String)[pri:0, instance:SeleniumByHarman.tests.SubmitOrderTest@692f203f]" name="submitOrder" class="SeleniumByHarman.tests.SubmitOrderTest"/>
        <method signature="SubmitOrderTest.submitOrderUsingHashMapData(java.util.HashMap)[pri:0, instance:SeleniumByHarman.tests.SubmitOrderTest@692f203f]" name="submitOrderUsingHashMapData" class="SeleniumByHarman.tests.SubmitOrderTest"/>
      </group> <!-- PurchaseOrder -->
    </groups>
    <test started-at="2025-04-04T19:32:55 EDT" name="Default test" finished-at="2025-04-04T19:33:57 EDT" duration-ms="61240">
      <class name="SeleniumByHarman.tests.SubmitOrderTest">
        <test-method is-config="true" signature="launchApplication()[pri:0, instance:SeleniumByHarman.tests.SubmitOrderTest@692f203f]" started-at="2025-04-04T19:32:55 EDT" name="launchApplication" finished-at="2025-04-04T19:32:59 EDT" duration-ms="4060" status="PASS">
          <reporter-output>
          </reporter-output>
        </test-method> <!-- launchApplication -->
        <test-method signature="submitOrder(java.lang.String,java.lang.String,java.lang.String)[pri:0, instance:SeleniumByHarman.tests.SubmitOrderTest@692f203f]" started-at="2025-04-04T19:32:59 EDT" name="submitOrder" data-provider="getData" finished-at="2025-04-04T19:33:06 EDT" duration-ms="7057" status="PASS">
          <params>
            <param index="0">
              <value>
                <![CDATA[harmanbajwa@gmail.com]]>
              </value>
            </param>
            <param index="1">
              <value>
                <![CDATA[Mypassword@123]]>
              </value>
            </param>
            <param index="2">
              <value>
                <![CDATA[ZARA COAT 3]]>
              </value>
            </param>
          </params>
          <reporter-output>
          </reporter-output>
        </test-method> <!-- submitOrder -->
        <test-method is-config="true" signature="tearDown()[pri:0, instance:SeleniumByHarman.tests.SubmitOrderTest@692f203f]" started-at="2025-04-04T19:33:06 EDT" name="tearDown" finished-at="2025-04-04T19:33:07 EDT" duration-ms="108" status="PASS">
          <reporter-output>
          </reporter-output>
        </test-method> <!-- tearDown -->
        <test-method is-config="true" signature="launchApplication()[pri:0, instance:SeleniumByHarman.tests.SubmitOrderTest@692f203f]" started-at="2025-04-04T19:33:07 EDT" name="launchApplication" finished-at="2025-04-04T19:33:10 EDT" duration-ms="3645" status="PASS">
          <reporter-output>
          </reporter-output>
        </test-method> <!-- launchApplication -->
        <test-method signature="submitOrder(java.lang.String,java.lang.String,java.lang.String)[pri:0, instance:SeleniumByHarman.tests.SubmitOrderTest@692f203f]" started-at="2025-04-04T19:33:10 EDT" name="submitOrder" data-provider="getData" finished-at="2025-04-04T19:33:17 EDT" duration-ms="7049" status="PASS">
          <params>
            <param index="0">
              <value>
                <![CDATA[harmanbajwa@gmail.com]]>
              </value>
            </param>
            <param index="1">
              <value>
                <![CDATA[Mypassword@123]]>
              </value>
            </param>
            <param index="2">
              <value>
                <![CDATA[ADIDAS ORIGINAL]]>
              </value>
            </param>
          </params>
          <reporter-output>
          </reporter-output>
        </test-method> <!-- submitOrder -->
        <test-method is-config="true" signature="tearDown()[pri:0, instance:SeleniumByHarman.tests.SubmitOrderTest@692f203f]" started-at="2025-04-04T19:33:17 EDT" name="tearDown" finished-at="2025-04-04T19:33:17 EDT" duration-ms="111" status="PASS">
          <reporter-output>
          </reporter-output>
        </test-method> <!-- tearDown -->
        <test-method is-config="true" signature="launchApplication()[pri:0, instance:SeleniumByHarman.tests.SubmitOrderTest@692f203f]" started-at="2025-04-04T19:33:17 EDT" name="launchApplication" finished-at="2025-04-04T19:33:21 EDT" duration-ms="3516" status="PASS">
          <reporter-output>
          </reporter-output>
        </test-method> <!-- launchApplication -->
        <test-method signature="submitOrderUsingHashMapData(java.util.HashMap)[pri:0, instance:SeleniumByHarman.tests.SubmitOrderTest@692f203f]" started-at="2025-04-04T19:33:21 EDT" name="submitOrderUsingHashMapData" data-provider="getDataUsingHashMap" finished-at="2025-04-04T19:33:41 EDT" duration-ms="20253" status="PASS">
          <params>
            <param index="0">
              <value>
                <![CDATA[{USER_PASS=Mypassword@123, Product=ZARA COAT 3, USER_NAME=harmanbajwa@gmail.com}]]>
              </value>
            </param>
          </params>
          <reporter-output>
          </reporter-output>
        </test-method> <!-- submitOrderUsingHashMapData -->
        <test-method is-config="true" signature="tearDown()[pri:0, instance:SeleniumByHarman.tests.SubmitOrderTest@692f203f]" started-at="2025-04-04T19:33:41 EDT" name="tearDown" finished-at="2025-04-04T19:33:41 EDT" duration-ms="113" status="PASS">
          <reporter-output>
          </reporter-output>
        </test-method> <!-- tearDown -->
        <test-method is-config="true" signature="launchApplication()[pri:0, instance:SeleniumByHarman.tests.SubmitOrderTest@692f203f]" started-at="2025-04-04T19:33:41 EDT" name="launchApplication" finished-at="2025-04-04T19:33:45 EDT" duration-ms="3797" status="PASS">
          <reporter-output>
          </reporter-output>
        </test-method> <!-- launchApplication -->
        <test-method signature="submitOrderUsingHashMapData(java.util.HashMap)[pri:0, instance:SeleniumByHarman.tests.SubmitOrderTest@692f203f]" started-at="2025-04-04T19:33:45 EDT" name="submitOrderUsingHashMapData" data-provider="getDataUsingHashMap" finished-at="2025-04-04T19:33:52 EDT" duration-ms="6844" status="PASS">
          <params>
            <param index="0">
              <value>
                <![CDATA[{USER_PASS=Mypassword@123, Product=ADIDAS ORIGINAL, USER_NAME=harmanbajwa@gmail.com}]]>
              </value>
            </param>
          </params>
          <reporter-output>
          </reporter-output>
        </test-method> <!-- submitOrderUsingHashMapData -->
        <test-method is-config="true" signature="tearDown()[pri:0, instance:SeleniumByHarman.tests.SubmitOrderTest@692f203f]" started-at="2025-04-04T19:33:52 EDT" name="tearDown" finished-at="2025-04-04T19:33:52 EDT" duration-ms="111" status="PASS">
          <reporter-output>
          </reporter-output>
        </test-method> <!-- tearDown -->
        <test-method is-config="true" signature="launchApplication()[pri:0, instance:SeleniumByHarman.tests.SubmitOrderTest@692f203f]" started-at="2025-04-04T19:33:52 EDT" name="launchApplication" finished-at="2025-04-04T19:33:56 EDT" duration-ms="3696" status="PASS">
          <reporter-output>
          </reporter-output>
        </test-method> <!-- launchApplication -->
        <test-method signature="orderHistoryTest()[pri:0, instance:SeleniumByHarman.tests.SubmitOrderTest@692f203f]" started-at="2025-04-04T19:33:56 EDT" name="orderHistoryTest" finished-at="2025-04-04T19:33:56 EDT" depends-on-methods="SeleniumByHarman.tests.SubmitOrderTest.submitOrder" duration-ms="717" status="PASS">
          <reporter-output>
          </reporter-output>
        </test-method> <!-- orderHistoryTest -->
        <test-method is-config="true" signature="tearDown()[pri:0, instance:SeleniumByHarman.tests.SubmitOrderTest@692f203f]" started-at="2025-04-04T19:33:56 EDT" name="tearDown" finished-at="2025-04-04T19:33:57 EDT" duration-ms="68" status="PASS">
          <reporter-output>
          </reporter-output>
        </test-method> <!-- tearDown -->
      </class> <!-- SeleniumByHarman.tests.SubmitOrderTest -->
    </test> <!-- Default test -->
  </suite> <!-- Default suite -->
</testng-results>
